\BOOKMARK [0][-]{chapter.1}{\376\377\0001\000\040\000H\000i\000e\000r\000a\000r\000c\000h\000i\000c\000a\000l\000\040\000I\000n\000d\000e\000x}{}% 1
\BOOKMARK [1][-]{section.1.1}{\376\377\0001\000.\0001\000\040\000C\000l\000a\000s\000s\000\040\000H\000i\000e\000r\000a\000r\000c\000h\000y}{chapter.1}% 2
\BOOKMARK [0][-]{chapter.2}{\376\377\0002\000\040\000C\000l\000a\000s\000s\000\040\000I\000n\000d\000e\000x}{}% 3
\BOOKMARK [1][-]{section.2.1}{\376\377\0002\000.\0001\000\040\000C\000l\000a\000s\000s\000\040\000L\000i\000s\000t}{chapter.2}% 4
\BOOKMARK [0][-]{chapter.3}{\376\377\0003\000\040\000F\000i\000l\000e\000\040\000I\000n\000d\000e\000x}{}% 5
\BOOKMARK [1][-]{section.3.1}{\376\377\0003\000.\0001\000\040\000F\000i\000l\000e\000\040\000L\000i\000s\000t}{chapter.3}% 6
\BOOKMARK [0][-]{chapter.4}{\376\377\0004\000\040\000C\000l\000a\000s\000s\000\040\000D\000o\000c\000u\000m\000e\000n\000t\000a\000t\000i\000o\000n}{}% 7
\BOOKMARK [1][-]{section.4.1}{\376\377\0004\000.\0001\000\040\000C\000e\000l\000l\000\040\000C\000l\000a\000s\000s\000\040\000R\000e\000f\000e\000r\000e\000n\000c\000e}{chapter.4}% 8
\BOOKMARK [2][-]{subsection.4.1.1}{\376\377\0004\000.\0001\000.\0001\000\040\000D\000e\000t\000a\000i\000l\000e\000d\000\040\000D\000e\000s\000c\000r\000i\000p\000t\000i\000o\000n}{section.4.1}% 9
\BOOKMARK [2][-]{subsection.4.1.2}{\376\377\0004\000.\0001\000.\0002\000\040\000C\000o\000n\000s\000t\000r\000u\000c\000t\000o\000r\000\040\000\046\000\040\000D\000e\000s\000t\000r\000u\000c\000t\000o\000r\000\040\000D\000o\000c\000u\000m\000e\000n\000t\000a\000t\000i\000o\000n}{section.4.1}% 10
\BOOKMARK [3][-]{subsubsection.4.1.2.1}{\376\377\0004\000.\0001\000.\0002\000.\0001\000\040\000C\000e\000l\000l\000\050\000\051}{subsection.4.1.2}% 11
\BOOKMARK [2][-]{subsection.4.1.3}{\376\377\0004\000.\0001\000.\0003\000\040\000M\000e\000m\000b\000e\000r\000\040\000F\000u\000n\000c\000t\000i\000o\000n\000\040\000D\000o\000c\000u\000m\000e\000n\000t\000a\000t\000i\000o\000n}{section.4.1}% 12
\BOOKMARK [3][-]{subsubsection.4.1.3.1}{\376\377\0004\000.\0001\000.\0003\000.\0001\000\040\000c\000h\000e\000c\000k\000\050\000\051}{subsection.4.1.3}% 13
\BOOKMARK [3][-]{subsubsection.4.1.3.2}{\376\377\0004\000.\0001\000.\0003\000.\0002\000\040\000c\000o\000m\000p\000a\000r\000e\000T\000o\000\050\000\051}{subsection.4.1.3}% 14
\BOOKMARK [3][-]{subsubsection.4.1.3.3}{\376\377\0004\000.\0001\000.\0003\000.\0003\000\040\000e\000q\000u\000a\000l\000s\000\050\000\051}{subsection.4.1.3}% 15
\BOOKMARK [3][-]{subsubsection.4.1.3.4}{\376\377\0004\000.\0001\000.\0003\000.\0004\000\040\000g\000e\000t\000C\000o\000l\000o\000r\000\050\000\051}{subsection.4.1.3}% 16
\BOOKMARK [3][-]{subsubsection.4.1.3.5}{\376\377\0004\000.\0001\000.\0003\000.\0005\000\040\000g\000e\000t\000N\000e\000i\000g\000h\000b\000o\000r\000\050\000\051}{subsection.4.1.3}% 17
\BOOKMARK [3][-]{subsubsection.4.1.3.6}{\376\377\0004\000.\0001\000.\0003\000.\0006\000\040\000g\000e\000t\000T\000o\000k\000e\000n\000\050\000\051}{subsection.4.1.3}% 18
\BOOKMARK [3][-]{subsubsection.4.1.3.7}{\376\377\0004\000.\0001\000.\0003\000.\0007\000\040\000i\000s\000E\000m\000p\000t\000y\000\050\000\051}{subsection.4.1.3}% 19
\BOOKMARK [3][-]{subsubsection.4.1.3.8}{\376\377\0004\000.\0001\000.\0003\000.\0008\000\040\000n\000u\000m\000b\000e\000r\000O\000f\000S\000a\000m\000e\000N\000e\000i\000g\000h\000b\000o\000r\000\050\000\051\000\040\000[\0001\000/\0002\000]}{subsection.4.1.3}% 20
\BOOKMARK [3][-]{subsubsection.4.1.3.9}{\376\377\0004\000.\0001\000.\0003\000.\0009\000\040\000n\000u\000m\000b\000e\000r\000O\000f\000S\000a\000m\000e\000N\000e\000i\000g\000h\000b\000o\000r\000\050\000\051\000\040\000[\0002\000/\0002\000]}{subsection.4.1.3}% 21
\BOOKMARK [3][-]{subsubsection.4.1.3.10}{\376\377\0004\000.\0001\000.\0003\000.\0001\0000\000\040\000s\000e\000t\000N\000e\000i\000g\000h\000b\000o\000r\000\050\000\051}{subsection.4.1.3}% 22
\BOOKMARK [3][-]{subsubsection.4.1.3.11}{\376\377\0004\000.\0001\000.\0003\000.\0001\0001\000\040\000s\000e\000t\000T\000o\000k\000e\000n\000\050\000\051}{subsection.4.1.3}% 23
\BOOKMARK [3][-]{subsubsection.4.1.3.12}{\376\377\0004\000.\0001\000.\0003\000.\0001\0002\000\040\000t\000o\000S\000t\000r\000i\000n\000g\000\050\000\051}{subsection.4.1.3}% 24
\BOOKMARK [2][-]{subsection.4.1.4}{\376\377\0004\000.\0001\000.\0004\000\040\000M\000e\000m\000b\000e\000r\000\040\000D\000a\000t\000a\000\040\000D\000o\000c\000u\000m\000e\000n\000t\000a\000t\000i\000o\000n}{section.4.1}% 25
\BOOKMARK [3][-]{subsubsection.4.1.4.1}{\376\377\0004\000.\0001\000.\0004\000.\0001\000\040\000n\000e\000i\000g\000h\000b\000o\000r\000h\000o\000o\000d}{subsection.4.1.4}% 26
\BOOKMARK [3][-]{subsubsection.4.1.4.2}{\376\377\0004\000.\0001\000.\0004\000.\0002\000\040\000o\000u\000t\000O\000f\000B\000o\000u\000n\000d\000C\000e\000l\000l}{subsection.4.1.4}% 27
\BOOKMARK [3][-]{subsubsection.4.1.4.3}{\376\377\0004\000.\0001\000.\0004\000.\0003\000\040\000t\000o\000k\000e\000n}{subsection.4.1.4}% 28
\BOOKMARK [1][-]{section.4.2}{\376\377\0004\000.\0002\000\040\000C\000o\000l\000o\000r\000\040\000E\000n\000u\000m\000\040\000R\000e\000f\000e\000r\000e\000n\000c\000e}{chapter.4}% 29
\BOOKMARK [2][-]{subsection.4.2.1}{\376\377\0004\000.\0002\000.\0001\000\040\000D\000e\000t\000a\000i\000l\000e\000d\000\040\000D\000e\000s\000c\000r\000i\000p\000t\000i\000o\000n}{section.4.2}% 30
\BOOKMARK [2][-]{subsection.4.2.2}{\376\377\0004\000.\0002\000.\0002\000\040\000M\000e\000m\000b\000e\000r\000\040\000F\000u\000n\000c\000t\000i\000o\000n\000\040\000D\000o\000c\000u\000m\000e\000n\000t\000a\000t\000i\000o\000n}{section.4.2}% 31
\BOOKMARK [3][-]{subsubsection.4.2.2.1}{\376\377\0004\000.\0002\000.\0002\000.\0001\000\040\000a\000n\000s\000i\000C\000o\000l\000o\000r\000O\000f\000\050\000\051\000\040\000[\0001\000/\0002\000]}{subsection.4.2.2}% 32
\BOOKMARK [3][-]{subsubsection.4.2.2.2}{\376\377\0004\000.\0002\000.\0002\000.\0002\000\040\000a\000n\000s\000i\000C\000o\000l\000o\000r\000O\000f\000\050\000\051\000\040\000[\0002\000/\0002\000]}{subsection.4.2.2}% 33
\BOOKMARK [3][-]{subsubsection.4.2.2.3}{\376\377\0004\000.\0002\000.\0002\000.\0003\000\040\000c\000o\000l\000o\000r\000O\000f\000\050\000\051}{subsection.4.2.2}% 34
\BOOKMARK [2][-]{subsection.4.2.3}{\376\377\0004\000.\0002\000.\0003\000\040\000M\000e\000m\000b\000e\000r\000\040\000D\000a\000t\000a\000\040\000D\000o\000c\000u\000m\000e\000n\000t\000a\000t\000i\000o\000n}{section.4.2}% 35
\BOOKMARK [3][-]{subsubsection.4.2.3.1}{\376\377\0004\000.\0002\000.\0003\000.\0001\000\040\000E\000M\000P\000T\000Y}{subsection.4.2.3}% 36
\BOOKMARK [3][-]{subsubsection.4.2.3.2}{\376\377\0004\000.\0002\000.\0003\000.\0002\000\040\000R\000E\000D}{subsection.4.2.3}% 37
\BOOKMARK [3][-]{subsubsection.4.2.3.3}{\376\377\0004\000.\0002\000.\0003\000.\0003\000\040\000Y\000E\000L\000L\000O\000W}{subsection.4.2.3}% 38
\BOOKMARK [1][-]{section.4.3}{\376\377\0004\000.\0003\000\040\000C\000o\000m\000p\000a\000r\000a\000b\000l\000e\000\040\000C\000l\000a\000s\000s\000\040\000R\000e\000f\000e\000r\000e\000n\000c\000e}{chapter.4}% 39
\BOOKMARK [1][-]{section.4.4}{\376\377\0004\000.\0004\000\040\000D\000i\000r\000e\000c\000t\000i\000o\000n\000\040\000E\000n\000u\000m\000\040\000R\000e\000f\000e\000r\000e\000n\000c\000e}{chapter.4}% 40
\BOOKMARK [2][-]{subsection.4.4.1}{\376\377\0004\000.\0004\000.\0001\000\040\000D\000e\000t\000a\000i\000l\000e\000d\000\040\000D\000e\000s\000c\000r\000i\000p\000t\000i\000o\000n}{section.4.4}% 41
\BOOKMARK [2][-]{subsection.4.4.2}{\376\377\0004\000.\0004\000.\0002\000\040\000M\000e\000m\000b\000e\000r\000\040\000F\000u\000n\000c\000t\000i\000o\000n\000\040\000D\000o\000c\000u\000m\000e\000n\000t\000a\000t\000i\000o\000n}{section.4.4}% 42
\BOOKMARK [3][-]{subsubsection.4.4.2.1}{\376\377\0004\000.\0004\000.\0002\000.\0001\000\040\000g\000e\000t\000D\000i\000a\000g\000o\000n\000a\000l\000e\000s\000\050\000\051}{subsection.4.4.2}% 43
\BOOKMARK [3][-]{subsubsection.4.4.2.2}{\376\377\0004\000.\0004\000.\0002\000.\0002\000\040\000g\000e\000t\000O\000p\000p\000o\000s\000i\000t\000e\000\050\000\051}{subsection.4.4.2}% 44
\BOOKMARK [2][-]{subsection.4.4.3}{\376\377\0004\000.\0004\000.\0003\000\040\000M\000e\000m\000b\000e\000r\000\040\000D\000a\000t\000a\000\040\000D\000o\000c\000u\000m\000e\000n\000t\000a\000t\000i\000o\000n}{section.4.4}% 45
\BOOKMARK [3][-]{subsubsection.4.4.3.1}{\376\377\0004\000.\0004\000.\0003\000.\0001\000\040\000D\000O\000W\000N}{subsection.4.4.3}% 46
\BOOKMARK [3][-]{subsubsection.4.4.3.2}{\376\377\0004\000.\0004\000.\0003\000.\0002\000\040\000L\000E\000F\000T}{subsection.4.4.3}% 47
\BOOKMARK [3][-]{subsubsection.4.4.3.3}{\376\377\0004\000.\0004\000.\0003\000.\0003\000\040\000R\000I\000G\000H\000T}{subsection.4.4.3}% 48
\BOOKMARK [3][-]{subsubsection.4.4.3.4}{\376\377\0004\000.\0004\000.\0003\000.\0004\000\040\000U\000P}{subsection.4.4.3}% 49
\BOOKMARK [1][-]{section.4.5}{\376\377\0004\000.\0005\000\040\000E\000n\000t\000i\000t\000y\000\040\000E\000n\000u\000m\000\040\000R\000e\000f\000e\000r\000e\000n\000c\000e}{chapter.4}% 50
\BOOKMARK [2][-]{subsection.4.5.1}{\376\377\0004\000.\0005\000.\0001\000\040\000D\000e\000t\000a\000i\000l\000e\000d\000\040\000D\000e\000s\000c\000r\000i\000p\000t\000i\000o\000n}{section.4.5}% 51
\BOOKMARK [2][-]{subsection.4.5.2}{\376\377\0004\000.\0005\000.\0002\000\040\000M\000e\000m\000b\000e\000r\000\040\000F\000u\000n\000c\000t\000i\000o\000n\000\040\000D\000o\000c\000u\000m\000e\000n\000t\000a\000t\000i\000o\000n}{section.4.5}% 52
\BOOKMARK [3][-]{subsubsection.4.5.2.1}{\376\377\0004\000.\0005\000.\0002\000.\0001\000\040\000o\000f\000\050\000\051}{subsection.4.5.2}% 53
\BOOKMARK [2][-]{subsection.4.5.3}{\376\377\0004\000.\0005\000.\0003\000\040\000M\000e\000m\000b\000e\000r\000\040\000D\000a\000t\000a\000\040\000D\000o\000c\000u\000m\000e\000n\000t\000a\000t\000i\000o\000n}{section.4.5}% 54
\BOOKMARK [3][-]{subsubsection.4.5.3.1}{\376\377\0004\000.\0005\000.\0003\000.\0001\000\040\000I\000A}{subsection.4.5.3}% 55
\BOOKMARK [3][-]{subsubsection.4.5.3.2}{\376\377\0004\000.\0005\000.\0003\000.\0002\000\040\000L\000O\000C\000A\000L}{subsection.4.5.3}% 56
\BOOKMARK [1][-]{section.4.6}{\376\377\0004\000.\0006\000\040\000G\000a\000m\000e\000\040\000C\000l\000a\000s\000s\000\040\000R\000e\000f\000e\000r\000e\000n\000c\000e}{chapter.4}% 57
\BOOKMARK [2][-]{subsection.4.6.1}{\376\377\0004\000.\0006\000.\0001\000\040\000D\000e\000t\000a\000i\000l\000e\000d\000\040\000D\000e\000s\000c\000r\000i\000p\000t\000i\000o\000n}{section.4.6}% 58
\BOOKMARK [2][-]{subsection.4.6.2}{\376\377\0004\000.\0006\000.\0002\000\040\000C\000o\000n\000s\000t\000r\000u\000c\000t\000o\000r\000\040\000\046\000\040\000D\000e\000s\000t\000r\000u\000c\000t\000o\000r\000\040\000D\000o\000c\000u\000m\000e\000n\000t\000a\000t\000i\000o\000n}{section.4.6}% 59
\BOOKMARK [3][-]{subsubsection.4.6.2.1}{\376\377\0004\000.\0006\000.\0002\000.\0001\000\040\000G\000a\000m\000e\000\050\000\051}{subsection.4.6.2}% 60
\BOOKMARK [2][-]{subsection.4.6.3}{\376\377\0004\000.\0006\000.\0003\000\040\000M\000e\000m\000b\000e\000r\000\040\000F\000u\000n\000c\000t\000i\000o\000n\000\040\000D\000o\000c\000u\000m\000e\000n\000t\000a\000t\000i\000o\000n}{section.4.6}% 61
\BOOKMARK [3][-]{subsubsection.4.6.3.1}{\376\377\0004\000.\0006\000.\0003\000.\0001\000\040\000a\000s\000k\000F\000o\000r\000I\000n\000p\000u\000t\000\050\000\051}{subsection.4.6.3}% 62
\BOOKMARK [3][-]{subsubsection.4.6.3.2}{\376\377\0004\000.\0006\000.\0003\000.\0002\000\040\000a\000s\000k\000F\000o\000r\000L\000o\000a\000d\000S\000a\000v\000e\000\050\000\051}{subsection.4.6.3}% 63
\BOOKMARK [3][-]{subsubsection.4.6.3.3}{\376\377\0004\000.\0006\000.\0003\000.\0003\000\040\000a\000s\000k\000F\000o\000r\000P\000l\000a\000y\000e\000r\000s\000\050\000\051}{subsection.4.6.3}% 64
\BOOKMARK [3][-]{subsubsection.4.6.3.4}{\376\377\0004\000.\0006\000.\0003\000.\0004\000\040\000c\000h\000o\000o\000s\000e\000A\000C\000o\000l\000u\000m\000n\000\050\000\051}{subsection.4.6.3}% 65
\BOOKMARK [3][-]{subsubsection.4.6.3.5}{\376\377\0004\000.\0006\000.\0003\000.\0005\000\040\000c\000r\000e\000a\000t\000e\000P\000l\000a\000y\000e\000r\000\050\000\051}{subsection.4.6.3}% 66
\BOOKMARK [3][-]{subsubsection.4.6.3.6}{\376\377\0004\000.\0006\000.\0003\000.\0006\000\040\000e\000n\000d\000M\000e\000s\000s\000a\000g\000e\000\050\000\051}{subsection.4.6.3}% 67
\BOOKMARK [3][-]{subsubsection.4.6.3.7}{\376\377\0004\000.\0006\000.\0003\000.\0007\000\040\000g\000e\000t\000P\000l\000a\000y\000e\000r\000F\000r\000o\000m\000I\000d\000\050\000\051}{subsection.4.6.3}% 68
\BOOKMARK [3][-]{subsubsection.4.6.3.8}{\376\377\0004\000.\0006\000.\0003\000.\0008\000\040\000h\000a\000s\000W\000i\000n\000\050\000\051}{subsection.4.6.3}% 69
\BOOKMARK [3][-]{subsubsection.4.6.3.9}{\376\377\0004\000.\0006\000.\0003\000.\0009\000\040\000i\000n\000i\000t\000L\000o\000c\000a\000l\000P\000l\000a\000y\000e\000r\000\050\000\051}{subsection.4.6.3}% 70
\BOOKMARK [3][-]{subsubsection.4.6.3.10}{\376\377\0004\000.\0006\000.\0003\000.\0001\0000\000\040\000i\000s\000E\000n\000d\000\050\000\051}{subsection.4.6.3}% 71
\BOOKMARK [3][-]{subsubsection.4.6.3.11}{\376\377\0004\000.\0006\000.\0003\000.\0001\0001\000\040\000i\000s\000T\000i\000e\000\050\000\051}{subsection.4.6.3}% 72
\BOOKMARK [3][-]{subsubsection.4.6.3.12}{\376\377\0004\000.\0006\000.\0003\000.\0001\0002\000\040\000l\000o\000a\000d\000S\000a\000v\000e\000\050\000\051}{subsection.4.6.3}% 73
\BOOKMARK [3][-]{subsubsection.4.6.3.13}{\376\377\0004\000.\0006\000.\0003\000.\0001\0003\000\040\000m\000e\000n\000u\000\050\000\051}{subsection.4.6.3}% 74
\BOOKMARK [3][-]{subsubsection.4.6.3.14}{\376\377\0004\000.\0006\000.\0003\000.\0001\0004\000\040\000n\000e\000x\000t\000P\000l\000a\000y\000e\000r\000\050\000\051}{subsection.4.6.3}% 75
\BOOKMARK [3][-]{subsubsection.4.6.3.15}{\376\377\0004\000.\0006\000.\0003\000.\0001\0005\000\040\000p\000l\000a\000y\000\050\000\051}{subsection.4.6.3}% 76
\BOOKMARK [3][-]{subsubsection.4.6.3.16}{\376\377\0004\000.\0006\000.\0003\000.\0001\0006\000\040\000p\000l\000a\000y\000A\000T\000o\000k\000e\000n\000\050\000\051}{subsection.4.6.3}% 77
\BOOKMARK [3][-]{subsubsection.4.6.3.17}{\376\377\0004\000.\0006\000.\0003\000.\0001\0007\000\040\000p\000r\000i\000n\000t\000C\000u\000r\000r\000e\000n\000t\000P\000l\000a\000y\000e\000r\000\050\000\051}{subsection.4.6.3}% 78
\BOOKMARK [3][-]{subsubsection.4.6.3.18}{\376\377\0004\000.\0006\000.\0003\000.\0001\0008\000\040\000p\000r\000i\000n\000t\000P\000a\000r\000t\000y\000C\000h\000o\000i\000c\000e\000\050\000\051}{subsection.4.6.3}% 79
\BOOKMARK [3][-]{subsubsection.4.6.3.19}{\376\377\0004\000.\0006\000.\0003\000.\0001\0009\000\040\000r\000u\000n\000\050\000\051}{subsection.4.6.3}% 80
\BOOKMARK [3][-]{subsubsection.4.6.3.20}{\376\377\0004\000.\0006\000.\0003\000.\0002\0000\000\040\000s\000e\000t\000O\000p\000t\000i\000o\000n\000G\000a\000m\000e\000\050\000\051}{subsection.4.6.3}% 81
\BOOKMARK [3][-]{subsubsection.4.6.3.21}{\376\377\0004\000.\0006\000.\0003\000.\0002\0001\000\040\000t\000o\000S\000t\000r\000i\000n\000g\000\050\000\051}{subsection.4.6.3}% 82
\BOOKMARK [3][-]{subsubsection.4.6.3.22}{\376\377\0004\000.\0006\000.\0003\000.\0002\0002\000\040\000v\000a\000l\000i\000d\000e\000C\000o\000l\000u\000m\000n\000\050\000\051}{subsection.4.6.3}% 83
\BOOKMARK [3][-]{subsubsection.4.6.3.23}{\376\377\0004\000.\0006\000.\0003\000.\0002\0003\000\040\000v\000a\000l\000i\000d\000e\000G\000a\000m\000e\000O\000p\000t\000i\000o\000n\000\050\000\051}{subsection.4.6.3}% 84
\BOOKMARK [3][-]{subsubsection.4.6.3.24}{\376\377\0004\000.\0006\000.\0003\000.\0002\0004\000\040\000w\000e\000l\000c\000o\000m\000e\000M\000e\000s\000s\000a\000g\000e\000\050\000\051}{subsection.4.6.3}% 85
\BOOKMARK [2][-]{subsection.4.6.4}{\376\377\0004\000.\0006\000.\0004\000\040\000M\000e\000m\000b\000e\000r\000\040\000D\000a\000t\000a\000\040\000D\000o\000c\000u\000m\000e\000n\000t\000a\000t\000i\000o\000n}{section.4.6}% 86
\BOOKMARK [3][-]{subsubsection.4.6.4.1}{\376\377\0004\000.\0006\000.\0004\000.\0001\000\040\000a\000r\000r\000a\000y\000P\000l\000a\000y\000e\000r}{subsection.4.6.4}% 87
\BOOKMARK [3][-]{subsubsection.4.6.4.2}{\376\377\0004\000.\0006\000.\0004\000.\0002\000\040\000c\000u\000r\000r\000e\000n\000t\000P\000l\000a\000y\000e\000r\000I\000d}{subsection.4.6.4}% 88
\BOOKMARK [3][-]{subsubsection.4.6.4.3}{\376\377\0004\000.\0006\000.\0004\000.\0003\000\040\000e\000n\000d}{subsection.4.6.4}% 89
\BOOKMARK [3][-]{subsubsection.4.6.4.4}{\376\377\0004\000.\0006\000.\0004\000.\0004\000\040\000g\000a\000m\000e\000p\000l\000a\000y}{subsection.4.6.4}% 90
\BOOKMARK [3][-]{subsubsection.4.6.4.5}{\376\377\0004\000.\0006\000.\0004\000.\0005\000\040\000g\000r\000i\000d}{subsection.4.6.4}% 91
\BOOKMARK [3][-]{subsubsection.4.6.4.6}{\376\377\0004\000.\0006\000.\0004\000.\0006\000\040\000i\000t\000e\000r\000a\000t\000i\000o\000n}{subsection.4.6.4}% 92
\BOOKMARK [3][-]{subsubsection.4.6.4.7}{\376\377\0004\000.\0006\000.\0004\000.\0007\000\040\000l\000a\000s\000t\000M\000o\000v\000e}{subsection.4.6.4}% 93
\BOOKMARK [3][-]{subsubsection.4.6.4.8}{\376\377\0004\000.\0006\000.\0004\000.\0008\000\040\000n\000u\000m\000b\000e\000r\000O\000f\000P\000l\000a\000y\000e\000r\000s}{subsection.4.6.4}% 94
\BOOKMARK [3][-]{subsubsection.4.6.4.9}{\376\377\0004\000.\0006\000.\0004\000.\0009\000\040\000n\000u\000m\000b\000e\000r\000O\000f\000T\000o\000k\000e\000n\000T\000o\000W\000i\000n}{subsection.4.6.4}% 95
\BOOKMARK [3][-]{subsubsection.4.6.4.10}{\376\377\0004\000.\0006\000.\0004\000.\0001\0000\000\040\000s\000a\000v\000e}{subsection.4.6.4}% 96
\BOOKMARK [1][-]{section.4.7}{\376\377\0004\000.\0007\000\040\000G\000r\000i\000d\000\040\000C\000l\000a\000s\000s\000\040\000R\000e\000f\000e\000r\000e\000n\000c\000e}{chapter.4}% 97
\BOOKMARK [2][-]{subsection.4.7.1}{\376\377\0004\000.\0007\000.\0001\000\040\000D\000e\000t\000a\000i\000l\000e\000d\000\040\000D\000e\000s\000c\000r\000i\000p\000t\000i\000o\000n}{section.4.7}% 98
\BOOKMARK [2][-]{subsection.4.7.2}{\376\377\0004\000.\0007\000.\0002\000\040\000C\000o\000n\000s\000t\000r\000u\000c\000t\000o\000r\000\040\000\046\000\040\000D\000e\000s\000t\000r\000u\000c\000t\000o\000r\000\040\000D\000o\000c\000u\000m\000e\000n\000t\000a\000t\000i\000o\000n}{section.4.7}% 99
\BOOKMARK [3][-]{subsubsection.4.7.2.1}{\376\377\0004\000.\0007\000.\0002\000.\0001\000\040\000G\000r\000i\000d\000\050\000\051}{subsection.4.7.2}% 100
\BOOKMARK [2][-]{subsection.4.7.3}{\376\377\0004\000.\0007\000.\0003\000\040\000M\000e\000m\000b\000e\000r\000\040\000F\000u\000n\000c\000t\000i\000o\000n\000\040\000D\000o\000c\000u\000m\000e\000n\000t\000a\000t\000i\000o\000n}{section.4.7}% 101
\BOOKMARK [3][-]{subsubsection.4.7.3.1}{\376\377\0004\000.\0007\000.\0003\000.\0001\000\040\000g\000e\000t\000H\000e\000i\000g\000h\000t\000\050\000\051}{subsection.4.7.3}% 102
\BOOKMARK [3][-]{subsubsection.4.7.3.2}{\376\377\0004\000.\0007\000.\0003\000.\0002\000\040\000g\000e\000t\000N\000e\000x\000t\000E\000m\000p\000t\000y\000C\000e\000l\000l\000A\000t\000\050\000\051}{subsection.4.7.3}% 103
\BOOKMARK [3][-]{subsubsection.4.7.3.3}{\376\377\0004\000.\0007\000.\0003\000.\0003\000\040\000g\000e\000t\000S\000i\000z\000e\000\050\000\051}{subsection.4.7.3}% 104
\BOOKMARK [3][-]{subsubsection.4.7.3.4}{\376\377\0004\000.\0007\000.\0003\000.\0004\000\040\000g\000e\000t\000T\000o\000p\000C\000e\000l\000l\000A\000t\000\050\000\051}{subsection.4.7.3}% 105
\BOOKMARK [3][-]{subsubsection.4.7.3.5}{\376\377\0004\000.\0007\000.\0003\000.\0005\000\040\000g\000e\000t\000W\000i\000d\000t\000h\000\050\000\051}{subsection.4.7.3}% 106
\BOOKMARK [3][-]{subsubsection.4.7.3.6}{\376\377\0004\000.\0007\000.\0003\000.\0006\000\040\000i\000n\000i\000t\000G\000r\000i\000d\000\050\000\051}{subsection.4.7.3}% 107
\BOOKMARK [3][-]{subsubsection.4.7.3.7}{\376\377\0004\000.\0007\000.\0003\000.\0007\000\040\000l\000o\000a\000d\000G\000r\000i\000d\000\050\000\051}{subsection.4.7.3}% 108
\BOOKMARK [3][-]{subsubsection.4.7.3.8}{\376\377\0004\000.\0007\000.\0003\000.\0008\000\040\000p\000r\000i\000n\000t\000\050\000\051}{subsection.4.7.3}% 109
\BOOKMARK [3][-]{subsubsection.4.7.3.9}{\376\377\0004\000.\0007\000.\0003\000.\0009\000\040\000p\000r\000i\000n\000t\000A\000v\000a\000i\000l\000a\000b\000l\000e\000C\000o\000l\000u\000m\000n\000\050\000\051}{subsection.4.7.3}% 110
\BOOKMARK [3][-]{subsubsection.4.7.3.10}{\376\377\0004\000.\0007\000.\0003\000.\0001\0000\000\040\000p\000r\000i\000n\000t\000G\000r\000i\000d\000\050\000\051}{subsection.4.7.3}% 111
\BOOKMARK [3][-]{subsubsection.4.7.3.11}{\376\377\0004\000.\0007\000.\0003\000.\0001\0001\000\040\000t\000o\000S\000t\000r\000i\000n\000g\000\050\000\051}{subsection.4.7.3}% 112
\BOOKMARK [3][-]{subsubsection.4.7.3.12}{\376\377\0004\000.\0007\000.\0003\000.\0001\0002\000\040\000U\000p\000T\000o\000N\000e\000x\000t\000E\000m\000p\000t\000y\000C\000e\000l\000l\000A\000t\000\050\000\051}{subsection.4.7.3}% 113
\BOOKMARK [3][-]{subsubsection.4.7.3.13}{\376\377\0004\000.\0007\000.\0003\000.\0001\0003\000\040\000v\000a\000l\000i\000d\000e\000C\000o\000l\000u\000m\000n\000\050\000\051}{subsection.4.7.3}% 114
\BOOKMARK [2][-]{subsection.4.7.4}{\376\377\0004\000.\0007\000.\0004\000\040\000M\000e\000m\000b\000e\000r\000\040\000D\000a\000t\000a\000\040\000D\000o\000c\000u\000m\000e\000n\000t\000a\000t\000i\000o\000n}{section.4.7}% 115
\BOOKMARK [3][-]{subsubsection.4.7.4.1}{\376\377\0004\000.\0007\000.\0004\000.\0001\000\040\000a\000r\000r\000a\000y\000N\000e\000x\000t\000E\000m\000p\000t\000y\000C\000e\000l\000l}{subsection.4.7.4}% 116
\BOOKMARK [3][-]{subsubsection.4.7.4.2}{\376\377\0004\000.\0007\000.\0004\000.\0002\000\040\000H\000E\000I\000G\000H\000T}{subsection.4.7.4}% 117
\BOOKMARK [3][-]{subsubsection.4.7.4.3}{\376\377\0004\000.\0007\000.\0004\000.\0003\000\040\000W\000I\000D\000T\000H}{subsection.4.7.4}% 118
\BOOKMARK [1][-]{section.4.8}{\376\377\0004\000.\0008\000\040\000M\000a\000i\000n\000\040\000C\000l\000a\000s\000s\000\040\000R\000e\000f\000e\000r\000e\000n\000c\000e}{chapter.4}% 119
\BOOKMARK [2][-]{subsection.4.8.1}{\376\377\0004\000.\0008\000.\0001\000\040\000D\000e\000t\000a\000i\000l\000e\000d\000\040\000D\000e\000s\000c\000r\000i\000p\000t\000i\000o\000n}{section.4.8}% 120
\BOOKMARK [2][-]{subsection.4.8.2}{\376\377\0004\000.\0008\000.\0002\000\040\000M\000e\000m\000b\000e\000r\000\040\000F\000u\000n\000c\000t\000i\000o\000n\000\040\000D\000o\000c\000u\000m\000e\000n\000t\000a\000t\000i\000o\000n}{section.4.8}% 121
\BOOKMARK [3][-]{subsubsection.4.8.2.1}{\376\377\0004\000.\0008\000.\0002\000.\0001\000\040\000m\000a\000i\000n\000\050\000\051}{subsection.4.8.2}% 122
\BOOKMARK [1][-]{section.4.9}{\376\377\0004\000.\0009\000\040\000P\000l\000a\000y\000e\000r\000\040\000C\000l\000a\000s\000s\000\040\000R\000e\000f\000e\000r\000e\000n\000c\000e}{chapter.4}% 123
\BOOKMARK [2][-]{subsection.4.9.1}{\376\377\0004\000.\0009\000.\0001\000\040\000D\000e\000t\000a\000i\000l\000e\000d\000\040\000D\000e\000s\000c\000r\000i\000p\000t\000i\000o\000n}{section.4.9}% 124
\BOOKMARK [2][-]{subsection.4.9.2}{\376\377\0004\000.\0009\000.\0002\000\040\000C\000o\000n\000s\000t\000r\000u\000c\000t\000o\000r\000\040\000\046\000\040\000D\000e\000s\000t\000r\000u\000c\000t\000o\000r\000\040\000D\000o\000c\000u\000m\000e\000n\000t\000a\000t\000i\000o\000n}{section.4.9}% 125
\BOOKMARK [3][-]{subsubsection.4.9.2.1}{\376\377\0004\000.\0009\000.\0002\000.\0001\000\040\000P\000l\000a\000y\000e\000r\000\050\000\051}{subsection.4.9.2}% 126
\BOOKMARK [2][-]{subsection.4.9.3}{\376\377\0004\000.\0009\000.\0003\000\040\000M\000e\000m\000b\000e\000r\000\040\000F\000u\000n\000c\000t\000i\000o\000n\000\040\000D\000o\000c\000u\000m\000e\000n\000t\000a\000t\000i\000o\000n}{section.4.9}% 127
\BOOKMARK [3][-]{subsubsection.4.9.3.1}{\376\377\0004\000.\0009\000.\0003\000.\0001\000\040\000g\000e\000t\000C\000o\000l\000o\000r\000\050\000\051}{subsection.4.9.3}% 128
\BOOKMARK [3][-]{subsubsection.4.9.3.2}{\376\377\0004\000.\0009\000.\0003\000.\0002\000\040\000g\000e\000t\000T\000o\000k\000e\000n\000\050\000\051}{subsection.4.9.3}% 129
\BOOKMARK [3][-]{subsubsection.4.9.3.3}{\376\377\0004\000.\0009\000.\0003\000.\0003\000\040\000g\000e\000t\000U\000s\000e\000r\000n\000a\000m\000e\000\050\000\051}{subsection.4.9.3}% 130
\BOOKMARK [3][-]{subsubsection.4.9.3.4}{\376\377\0004\000.\0009\000.\0003\000.\0004\000\040\000i\000n\000i\000t\000T\000o\000k\000e\000n\000\050\000\051}{subsection.4.9.3}% 131
\BOOKMARK [3][-]{subsubsection.4.9.3.5}{\376\377\0004\000.\0009\000.\0003\000.\0005\000\040\000t\000o\000S\000t\000r\000i\000n\000g\000\050\000\051}{subsection.4.9.3}% 132
\BOOKMARK [3][-]{subsubsection.4.9.3.6}{\376\377\0004\000.\0009\000.\0003\000.\0006\000\040\000v\000a\000l\000i\000d\000e\000P\000l\000a\000y\000e\000r\000\050\000\051}{subsection.4.9.3}% 133
\BOOKMARK [3][-]{subsubsection.4.9.3.7}{\376\377\0004\000.\0009\000.\0003\000.\0007\000\040\000w\000h\000a\000t\000I\000s\000\050\000\051}{subsection.4.9.3}% 134
\BOOKMARK [2][-]{subsection.4.9.4}{\376\377\0004\000.\0009\000.\0004\000\040\000M\000e\000m\000b\000e\000r\000\040\000D\000a\000t\000a\000\040\000D\000o\000c\000u\000m\000e\000n\000t\000a\000t\000i\000o\000n}{section.4.9}% 135
\BOOKMARK [3][-]{subsubsection.4.9.4.1}{\376\377\0004\000.\0009\000.\0004\000.\0001\000\040\000g\000a\000m\000e\000p\000l\000a\000y}{subsection.4.9.4}% 136
\BOOKMARK [3][-]{subsubsection.4.9.4.2}{\376\377\0004\000.\0009\000.\0004\000.\0002\000\040\000p\000s\000e\000u\000d\000o}{subsection.4.9.4}% 137
\BOOKMARK [3][-]{subsubsection.4.9.4.3}{\376\377\0004\000.\0009\000.\0004\000.\0003\000\040\000t\000o\000k\000e\000n}{subsection.4.9.4}% 138
\BOOKMARK [1][-]{section.4.10}{\376\377\0004\000.\0001\0000\000\040\000S\000a\000v\000e\000\040\000C\000l\000a\000s\000s\000\040\000R\000e\000f\000e\000r\000e\000n\000c\000e}{chapter.4}% 139
\BOOKMARK [2][-]{subsection.4.10.1}{\376\377\0004\000.\0001\0000\000.\0001\000\040\000D\000e\000t\000a\000i\000l\000e\000d\000\040\000D\000e\000s\000c\000r\000i\000p\000t\000i\000o\000n}{section.4.10}% 140
\BOOKMARK [2][-]{subsection.4.10.2}{\376\377\0004\000.\0001\0000\000.\0002\000\040\000C\000o\000n\000s\000t\000r\000u\000c\000t\000o\000r\000\040\000\046\000\040\000D\000e\000s\000t\000r\000u\000c\000t\000o\000r\000\040\000D\000o\000c\000u\000m\000e\000n\000t\000a\000t\000i\000o\000n}{section.4.10}% 141
\BOOKMARK [3][-]{subsubsection.4.10.2.1}{\376\377\0004\000.\0001\0000\000.\0002\000.\0001\000\040\000S\000a\000v\000e\000\050\000\051}{subsection.4.10.2}% 142
\BOOKMARK [2][-]{subsection.4.10.3}{\376\377\0004\000.\0001\0000\000.\0003\000\040\000M\000e\000m\000b\000e\000r\000\040\000F\000u\000n\000c\000t\000i\000o\000n\000\040\000D\000o\000c\000u\000m\000e\000n\000t\000a\000t\000i\000o\000n}{section.4.10}% 143
\BOOKMARK [3][-]{subsubsection.4.10.3.1}{\376\377\0004\000.\0001\0000\000.\0003\000.\0001\000\040\000d\000e\000l\000e\000t\000e\000\050\000\051\000\040\000[\0001\000/\0002\000]}{subsection.4.10.3}% 144
\BOOKMARK [3][-]{subsubsection.4.10.3.2}{\376\377\0004\000.\0001\0000\000.\0003\000.\0002\000\040\000d\000e\000l\000e\000t\000e\000\050\000\051\000\040\000[\0002\000/\0002\000]}{subsection.4.10.3}% 145
\BOOKMARK [3][-]{subsubsection.4.10.3.3}{\376\377\0004\000.\0001\0000\000.\0003\000.\0003\000\040\000i\000s\000E\000m\000p\000t\000y\000\050\000\051}{subsection.4.10.3}% 146
\BOOKMARK [3][-]{subsubsection.4.10.3.4}{\376\377\0004\000.\0001\0000\000.\0003\000.\0004\000\040\000r\000e\000a\000d\000\050\000\051\000\040\000[\0001\000/\0002\000]}{subsection.4.10.3}% 147
\BOOKMARK [3][-]{subsubsection.4.10.3.5}{\376\377\0004\000.\0001\0000\000.\0003\000.\0005\000\040\000r\000e\000a\000d\000\050\000\051\000\040\000[\0002\000/\0002\000]}{subsection.4.10.3}% 148
\BOOKMARK [3][-]{subsubsection.4.10.3.6}{\376\377\0004\000.\0001\0000\000.\0003\000.\0006\000\040\000w\000r\000i\000t\000e\000\050\000\051\000\040\000[\0001\000/\0002\000]}{subsection.4.10.3}% 149
\BOOKMARK [3][-]{subsubsection.4.10.3.7}{\376\377\0004\000.\0001\0000\000.\0003\000.\0007\000\040\000w\000r\000i\000t\000e\000\050\000\051\000\040\000[\0002\000/\0002\000]}{subsection.4.10.3}% 150
\BOOKMARK [2][-]{subsection.4.10.4}{\376\377\0004\000.\0001\0000\000.\0004\000\040\000M\000e\000m\000b\000e\000r\000\040\000D\000a\000t\000a\000\040\000D\000o\000c\000u\000m\000e\000n\000t\000a\000t\000i\000o\000n}{section.4.10}% 151
\BOOKMARK [3][-]{subsubsection.4.10.4.1}{\376\377\0004\000.\0001\0000\000.\0004\000.\0001\000\040\000f\000i\000l\000e\000n\000a\000m\000e}{subsection.4.10.4}% 152
\BOOKMARK [1][-]{section.4.11}{\376\377\0004\000.\0001\0001\000\040\000T\000o\000k\000e\000n\000\040\000C\000l\000a\000s\000s\000\040\000R\000e\000f\000e\000r\000e\000n\000c\000e}{chapter.4}% 153
\BOOKMARK [2][-]{subsection.4.11.1}{\376\377\0004\000.\0001\0001\000.\0001\000\040\000D\000e\000t\000a\000i\000l\000e\000d\000\040\000D\000e\000s\000c\000r\000i\000p\000t\000i\000o\000n}{section.4.11}% 154
\BOOKMARK [2][-]{subsection.4.11.2}{\376\377\0004\000.\0001\0001\000.\0002\000\040\000C\000o\000n\000s\000t\000r\000u\000c\000t\000o\000r\000\040\000\046\000\040\000D\000e\000s\000t\000r\000u\000c\000t\000o\000r\000\040\000D\000o\000c\000u\000m\000e\000n\000t\000a\000t\000i\000o\000n}{section.4.11}% 155
\BOOKMARK [3][-]{subsubsection.4.11.2.1}{\376\377\0004\000.\0001\0001\000.\0002\000.\0001\000\040\000T\000o\000k\000e\000n\000\050\000\051}{subsection.4.11.2}% 156
\BOOKMARK [2][-]{subsection.4.11.3}{\376\377\0004\000.\0001\0001\000.\0003\000\040\000M\000e\000m\000b\000e\000r\000\040\000F\000u\000n\000c\000t\000i\000o\000n\000\040\000D\000o\000c\000u\000m\000e\000n\000t\000a\000t\000i\000o\000n}{section.4.11}% 157
\BOOKMARK [3][-]{subsubsection.4.11.3.1}{\376\377\0004\000.\0001\0001\000.\0003\000.\0001\000\040\000g\000e\000t\000C\000o\000l\000o\000r\000\050\000\051}{subsection.4.11.3}% 158
\BOOKMARK [3][-]{subsubsection.4.11.3.2}{\376\377\0004\000.\0001\0001\000.\0003\000.\0002\000\040\000t\000o\000S\000t\000r\000i\000n\000g\000\050\000\051}{subsection.4.11.3}% 159
\BOOKMARK [2][-]{subsection.4.11.4}{\376\377\0004\000.\0001\0001\000.\0004\000\040\000M\000e\000m\000b\000e\000r\000\040\000D\000a\000t\000a\000\040\000D\000o\000c\000u\000m\000e\000n\000t\000a\000t\000i\000o\000n}{section.4.11}% 160
\BOOKMARK [3][-]{subsubsection.4.11.4.1}{\376\377\0004\000.\0001\0001\000.\0004\000.\0001\000\040\000c\000o\000l\000o\000r\000T\000o\000k\000e\000n}{subsection.4.11.4}% 161
\BOOKMARK [3][-]{subsubsection.4.11.4.2}{\376\377\0004\000.\0001\0001\000.\0004\000.\0002\000\040\000e\000m\000p\000t\000y\000T\000o\000k\000e\000n}{subsection.4.11.4}% 162
\BOOKMARK [0][-]{chapter.5}{\376\377\0005\000\040\000F\000i\000l\000e\000\040\000D\000o\000c\000u\000m\000e\000n\000t\000a\000t\000i\000o\000n}{}% 163
\BOOKMARK [1][-]{section.5.1}{\376\377\0005\000.\0001\000\040\000/\000h\000o\000m\000e\000/\000h\000o\000z\000e\000n\000/\000c\000u\000r\000/\000p\000r\000o\000j\000e\000t\000-\000j\000a\000v\000a\000/\000s\000r\000c\000/\000C\000e\000l\000l\000.\000j\000a\000v\000a\000\040\000F\000i\000l\000e\000\040\000R\000e\000f\000e\000r\000e\000n\000c\000e}{chapter.5}% 164
\BOOKMARK [1][-]{section.5.2}{\376\377\0005\000.\0002\000\040\000C\000e\000l\000l\000.\000j\000a\000v\000a}{chapter.5}% 165
\BOOKMARK [1][-]{section.5.3}{\376\377\0005\000.\0003\000\040\000/\000h\000o\000m\000e\000/\000h\000o\000z\000e\000n\000/\000c\000u\000r\000/\000p\000r\000o\000j\000e\000t\000-\000j\000a\000v\000a\000/\000s\000r\000c\000/\000C\000o\000l\000o\000r\000.\000j\000a\000v\000a\000\040\000F\000i\000l\000e\000\040\000R\000e\000f\000e\000r\000e\000n\000c\000e}{chapter.5}% 166
\BOOKMARK [1][-]{section.5.4}{\376\377\0005\000.\0004\000\040\000C\000o\000l\000o\000r\000.\000j\000a\000v\000a}{chapter.5}% 167
\BOOKMARK [1][-]{section.5.5}{\376\377\0005\000.\0005\000\040\000/\000h\000o\000m\000e\000/\000h\000o\000z\000e\000n\000/\000c\000u\000r\000/\000p\000r\000o\000j\000e\000t\000-\000j\000a\000v\000a\000/\000s\000r\000c\000/\000D\000i\000r\000e\000c\000t\000i\000o\000n\000.\000j\000a\000v\000a\000\040\000F\000i\000l\000e\000\040\000R\000e\000f\000e\000r\000e\000n\000c\000e}{chapter.5}% 168
\BOOKMARK [1][-]{section.5.6}{\376\377\0005\000.\0006\000\040\000D\000i\000r\000e\000c\000t\000i\000o\000n\000.\000j\000a\000v\000a}{chapter.5}% 169
\BOOKMARK [1][-]{section.5.7}{\376\377\0005\000.\0007\000\040\000/\000h\000o\000m\000e\000/\000h\000o\000z\000e\000n\000/\000c\000u\000r\000/\000p\000r\000o\000j\000e\000t\000-\000j\000a\000v\000a\000/\000s\000r\000c\000/\000E\000n\000t\000i\000t\000y\000.\000j\000a\000v\000a\000\040\000F\000i\000l\000e\000\040\000R\000e\000f\000e\000r\000e\000n\000c\000e}{chapter.5}% 170
\BOOKMARK [1][-]{section.5.8}{\376\377\0005\000.\0008\000\040\000E\000n\000t\000i\000t\000y\000.\000j\000a\000v\000a}{chapter.5}% 171
\BOOKMARK [1][-]{section.5.9}{\376\377\0005\000.\0009\000\040\000/\000h\000o\000m\000e\000/\000h\000o\000z\000e\000n\000/\000c\000u\000r\000/\000p\000r\000o\000j\000e\000t\000-\000j\000a\000v\000a\000/\000s\000r\000c\000/\000G\000a\000m\000e\000.\000j\000a\000v\000a\000\040\000F\000i\000l\000e\000\040\000R\000e\000f\000e\000r\000e\000n\000c\000e}{chapter.5}% 172
\BOOKMARK [1][-]{section.5.10}{\376\377\0005\000.\0001\0000\000\040\000G\000a\000m\000e\000.\000j\000a\000v\000a}{chapter.5}% 173
\BOOKMARK [1][-]{section.5.11}{\376\377\0005\000.\0001\0001\000\040\000/\000h\000o\000m\000e\000/\000h\000o\000z\000e\000n\000/\000c\000u\000r\000/\000p\000r\000o\000j\000e\000t\000-\000j\000a\000v\000a\000/\000s\000r\000c\000/\000G\000r\000i\000d\000.\000j\000a\000v\000a\000\040\000F\000i\000l\000e\000\040\000R\000e\000f\000e\000r\000e\000n\000c\000e}{chapter.5}% 174
\BOOKMARK [1][-]{section.5.12}{\376\377\0005\000.\0001\0002\000\040\000G\000r\000i\000d\000.\000j\000a\000v\000a}{chapter.5}% 175
\BOOKMARK [1][-]{section.5.13}{\376\377\0005\000.\0001\0003\000\040\000/\000h\000o\000m\000e\000/\000h\000o\000z\000e\000n\000/\000c\000u\000r\000/\000p\000r\000o\000j\000e\000t\000-\000j\000a\000v\000a\000/\000s\000r\000c\000/\000M\000a\000i\000n\000.\000j\000a\000v\000a\000\040\000F\000i\000l\000e\000\040\000R\000e\000f\000e\000r\000e\000n\000c\000e}{chapter.5}% 176
\BOOKMARK [1][-]{section.5.14}{\376\377\0005\000.\0001\0004\000\040\000M\000a\000i\000n\000.\000j\000a\000v\000a}{chapter.5}% 177
\BOOKMARK [1][-]{section.5.15}{\376\377\0005\000.\0001\0005\000\040\000/\000h\000o\000m\000e\000/\000h\000o\000z\000e\000n\000/\000c\000u\000r\000/\000p\000r\000o\000j\000e\000t\000-\000j\000a\000v\000a\000/\000s\000r\000c\000/\000P\000l\000a\000y\000e\000r\000.\000j\000a\000v\000a\000\040\000F\000i\000l\000e\000\040\000R\000e\000f\000e\000r\000e\000n\000c\000e}{chapter.5}% 178
\BOOKMARK [1][-]{section.5.16}{\376\377\0005\000.\0001\0006\000\040\000P\000l\000a\000y\000e\000r\000.\000j\000a\000v\000a}{chapter.5}% 179
\BOOKMARK [1][-]{section.5.17}{\376\377\0005\000.\0001\0007\000\040\000/\000h\000o\000m\000e\000/\000h\000o\000z\000e\000n\000/\000c\000u\000r\000/\000p\000r\000o\000j\000e\000t\000-\000j\000a\000v\000a\000/\000s\000r\000c\000/\000S\000a\000v\000e\000.\000j\000a\000v\000a\000\040\000F\000i\000l\000e\000\040\000R\000e\000f\000e\000r\000e\000n\000c\000e}{chapter.5}% 180
\BOOKMARK [1][-]{section.5.18}{\376\377\0005\000.\0001\0008\000\040\000S\000a\000v\000e\000.\000j\000a\000v\000a}{chapter.5}% 181
\BOOKMARK [1][-]{section.5.19}{\376\377\0005\000.\0001\0009\000\040\000/\000h\000o\000m\000e\000/\000h\000o\000z\000e\000n\000/\000c\000u\000r\000/\000p\000r\000o\000j\000e\000t\000-\000j\000a\000v\000a\000/\000s\000r\000c\000/\000T\000o\000k\000e\000n\000.\000j\000a\000v\000a\000\040\000F\000i\000l\000e\000\040\000R\000e\000f\000e\000r\000e\000n\000c\000e}{chapter.5}% 182
\BOOKMARK [1][-]{section.5.20}{\376\377\0005\000.\0002\0000\000\040\000T\000o\000k\000e\000n\000.\000j\000a\000v\000a}{chapter.5}% 183
\BOOKMARK [0][-]{section*.163}{\376\377\000I\000n\000d\000e\000x}{}% 184
